<?xml version="1.0" encoding="UTF-8"?>
<testsuite name="org.apache.mahout.math.VectorBinaryAssignTest" time="0.031" tests="80" errors="0" skipped="0" failures="0">
  <properties>
[...]
</properties>
  <testcase name="testAll[0]" classname="org.apache.mahout.math.VectorBinaryAssignTest" time="0.005"/>
  <testcase name="testAll[1]" classname="org.apache.mahout.math.VectorBinaryAssignTest" time="0"/>
  <testcase name="testAll[2]" classname="org.apache.mahout.math.VectorBinaryAssignTest" time="0"/>
  <testcase name="testAll[3]" classname="org.apache.mahout.math.VectorBinaryAssignTest" time="0"/>
  <testcase name="testAll[4]" classname="org.apache.mahout.math.VectorBinaryAssignTest" time="0.001"/>
  <testcase name="testAll[5]" classname="org.apache.mahout.math.VectorBinaryAssignTest" time="0"/>
  <testcase name="testAll[6]" classname="org.apache.mahout.math.VectorBinaryAssignTest" time="0.003"/>
  <testcase name="testAll[7]" classname="org.apache.mahout.math.VectorBinaryAssignTest" time="0.001"/>
  <testcase name="testAll[8]" classname="org.apache.mahout.math.VectorBinaryAssignTest" time="0.001"/>
  <testcase name="testAll[9]" classname="org.apache.mahout.math.VectorBinaryAssignTest" time="0.001"/>
  <testcase name="testAll[10]" classname="org.apache.mahout.math.VectorBinaryAssignTest" time="0"/>
  <testcase name="testAll[11]" classname="org.apache.mahout.math.VectorBinaryAssignTest" time="0.001"/>
  <testcase name="testAll[12]" classname="org.apache.mahout.math.VectorBinaryAssignTest" time="0"/>
  <testcase name="testAll[13]" classname="org.apache.mahout.math.VectorBinaryAssignTest" time="0.001"/>
  <testcase name="testAll[14]" classname="org.apache.mahout.math.VectorBinaryAssignTest" time="0"/>
  <testcase name="testAll[15]" classname="org.apache.mahout.math.VectorBinaryAssignTest" time="0.001"/>
  <testcase name="testAll[16]" classname="org.apache.mahout.math.VectorBinaryAssignTest" time="0"/>
  <testcase name="testAll[17]" classname="org.apache.mahout.math.VectorBinaryAssignTest" time="0.001"/>
  <testcase name="testAll[18]" classname="org.apache.mahout.math.VectorBinaryAssignTest" time="0.002"/>
  <testcase name="testAll[19]" classname="org.apache.mahout.math.VectorBinaryAssignTest" time="0.001"/>
  <testcase name="testAll[20]" classname="org.apache.mahout.math.VectorBinaryAssignTest" time="0"/>
  <testcase name="testAll[21]" classname="org.apache.mahout.math.VectorBinaryAssignTest" time="0"/>
  <testcase name="testAll[22]" classname="org.apache.mahout.math.VectorBinaryAssignTest" time="0.001"/>
  <testcase name="testAll[23]" classname="org.apache.mahout.math.VectorBinaryAssignTest" time="0"/>
  <testcase name="testAll[24]" classname="org.apache.mahout.math.VectorBinaryAssignTest" time="0"/>
  <testcase name="testAll[25]" classname="org.apache.mahout.math.VectorBinaryAssignTest" time="0"/>
  <testcase name="testAll[26]" classname="org.apache.mahout.math.VectorBinaryAssignTest" time="0"/>
  <testcase name="testAll[27]" classname="org.apache.mahout.math.VectorBinaryAssignTest" time="0.001"/>
  <testcase name="testAll[28]" classname="org.apache.mahout.math.VectorBinaryAssignTest" time="0"/>
  <testcase name="testAll[29]" classname="org.apache.mahout.math.VectorBinaryAssignTest" time="0.001"/>
  <testcase name="testAll[30]" classname="org.apache.mahout.math.VectorBinaryAssignTest" time="0"/>
  <testcase name="testAll[31]" classname="org.apache.mahout.math.VectorBinaryAssignTest" time="0"/>
  <testcase name="testAll[32]" classname="org.apache.mahout.math.VectorBinaryAssignTest" time="0"/>
  <testcase name="testAll[33]" classname="org.apache.mahout.math.VectorBinaryAssignTest" time="0"/>
  <testcase name="testAll[34]" classname="org.apache.mahout.math.VectorBinaryAssignTest" time="0.001"/>
  <testcase name="testAll[35]" classname="org.apache.mahout.math.VectorBinaryAssignTest" time="0"/>
  <testcase name="testAll[36]" classname="org.apache.mahout.math.VectorBinaryAssignTest" time="0"/>
  <testcase name="testAll[37]" classname="org.apache.mahout.math.VectorBinaryAssignTest" time="0.001"/>
  <testcase name="testAll[38]" classname="org.apache.mahout.math.VectorBinaryAssignTest" time="0"/>
  <testcase name="testAll[39]" classname="org.apache.mahout.math.VectorBinaryAssignTest" time="0"/>
  <testcase name="testAll[40]" classname="org.apache.mahout.math.VectorBinaryAssignTest" time="0"/>
  <testcase name="testAll[41]" classname="org.apache.mahout.math.VectorBinaryAssignTest" time="0"/>
  <testcase name="testAll[42]" classname="org.apache.mahout.math.VectorBinaryAssignTest" time="0"/>
  <testcase name="testAll[43]" classname="org.apache.mahout.math.VectorBinaryAssignTest" time="0"/>
  <testcase name="testAll[44]" classname="org.apache.mahout.math.VectorBinaryAssignTest" time="0"/>
  <testcase name="testAll[45]" classname="org.apache.mahout.math.VectorBinaryAssignTest" time="0.001"/>
  <testcase name="testAll[46]" classname="org.apache.mahout.math.VectorBinaryAssignTest" time="0"/>
  <testcase name="testAll[47]" classname="org.apache.mahout.math.VectorBinaryAssignTest" time="0"/>
  <testcase name="testAll[48]" classname="org.apache.mahout.math.VectorBinaryAssignTest" time="0.001"/>
  <testcase name="testAll[49]" classname="org.apache.mahout.math.VectorBinaryAssignTest" time="0"/>
  <testcase name="testAll[50]" classname="org.apache.mahout.math.VectorBinaryAssignTest" time="0"/>
  <testcase name="testAll[51]" classname="org.apache.mahout.math.VectorBinaryAssignTest" time="0"/>
  <testcase name="testAll[52]" classname="org.apache.mahout.math.VectorBinaryAssignTest" time="0"/>
  <testcase name="testAll[53]" classname="org.apache.mahout.math.VectorBinaryAssignTest" time="0.001"/>
  <testcase name="testAll[54]" classname="org.apache.mahout.math.VectorBinaryAssignTest" time="0"/>
  <testcase name="testAll[55]" classname="org.apache.mahout.math.VectorBinaryAssignTest" time="0"/>
  <testcase name="testAll[56]" classname="org.apache.mahout.math.VectorBinaryAssignTest" time="0"/>
  <testcase name="testAll[57]" classname="org.apache.mahout.math.VectorBinaryAssignTest" time="0"/>
  <testcase name="testAll[58]" classname="org.apache.mahout.math.VectorBinaryAssignTest" time="0.001"/>
  <testcase name="testAll[59]" classname="org.apache.mahout.math.VectorBinaryAssignTest" time="0"/>
  <testcase name="testAll[60]" classname="org.apache.mahout.math.VectorBinaryAssignTest" time="0"/>
  <testcase name="testAll[61]" classname="org.apache.mahout.math.VectorBinaryAssignTest" time="0.001"/>
  <testcase name="testAll[62]" classname="org.apache.mahout.math.VectorBinaryAssignTest" time="0"/>
  <testcase name="testAll[63]" classname="org.apache.mahout.math.VectorBinaryAssignTest" time="0"/>
  <testcase name="testAll[64]" classname="org.apache.mahout.math.VectorBinaryAssignTest" time="0"/>
  <testcase name="testAll[65]" classname="org.apache.mahout.math.VectorBinaryAssignTest" time="0"/>
  <testcase name="testAll[66]" classname="org.apache.mahout.math.VectorBinaryAssignTest" time="0.001"/>
  <testcase name="testAll[67]" classname="org.apache.mahout.math.VectorBinaryAssignTest" time="0"/>
  <testcase name="testAll[68]" classname="org.apache.mahout.math.VectorBinaryAssignTest" time="0"/>
  <testcase name="testAll[69]" classname="org.apache.mahout.math.VectorBinaryAssignTest" time="0.001"/>
  <testcase name="testAll[70]" classname="org.apache.mahout.math.VectorBinaryAssignTest" time="0"/>
  <testcase name="testAll[71]" classname="org.apache.mahout.math.VectorBinaryAssignTest" time="0"/>
  <testcase name="testAll[72]" classname="org.apache.mahout.math.VectorBinaryAssignTest" time="0"/>
  <testcase name="testAll[73]" classname="org.apache.mahout.math.VectorBinaryAssignTest" time="0"/>
  <testcase name="testAll[74]" classname="org.apache.mahout.math.VectorBinaryAssignTest" time="0"/>
  <testcase name="testAll[75]" classname="org.apache.mahout.math.VectorBinaryAssignTest" time="0"/>
  <testcase name="testAll[76]" classname="org.apache.mahout.math.VectorBinaryAssignTest" time="0"/>
  <testcase name="testAll[77]" classname="org.apache.mahout.math.VectorBinaryAssignTest" time="0"/>
  <testcase name="testAll[78]" classname="org.apache.mahout.math.VectorBinaryAssignTest" time="0"/>
  <testcase name="testAll[79]" classname="org.apache.mahout.math.VectorBinaryAssignTest" time="0"/>
</testsuite>